#
# There is insufficient memory for the Java Runtime Environment to continue.
# Native memory allocation (malloc) failed to allocate 1640016 bytes for Chunk::new
# Possible reasons:
#   The system is out of physical RAM or swap space
#   The process is running with CompressedOops enabled, and the Java Heap may be blocking the growth of the native heap
# Possible solutions:
#   Reduce memory load on the system
#   Increase physical memory or swap space
#   Check if swap backing store is full
#   Decrease Java heap size (-Xmx/-Xms)
#   Decrease number of Java threads
#   Decrease Java thread stack sizes (-Xss)
#   Set larger code cache with -XX:ReservedCodeCacheSize=
#   JVM is running with Zero Based Compressed Oops mode in which the Java heap is
#     placed in the first 32GB address space. The Java Heap base address is the
#     maximum limit for the native heap growth. Please use -XX:HeapBaseMinAddress
#     to set the Java Heap base and to place the Java Heap above 32GB virtual address.
# This output file may be truncated or incomplete.
#
#  Out of Memory Error (arena.cpp:189), pid=28120, tid=29324
#
# JRE version: OpenJDK Runtime Environment (17.0.6) (build 17.0.6+0-b2043.56-9586694)
# Java VM: OpenJDK 64-Bit Server VM (17.0.6+0-b2043.56-9586694, mixed mode, tiered, compressed oops, compressed class ptrs, g1 gc, windows-amd64)
# No core dump will be written. Minidumps are not enabled by default on client versions of Windows
#

---------------  S U M M A R Y ------------

Command Line: org.jetbrains.kotlin.cli.jvm.K2JVMCompiler @F:\ConsulmedicsPatientData\app\build\20230717_17653523304868248383.compiler.options

Host: 11th Gen Intel(R) Core(TM) i7-11700 @ 2.50GHz, 16 cores, 31G,  Windows 11 , 64 bit Build 22000 (10.0.22000.120)
Time: Mon Jul 17 09:01:07 2023 Central European Daylight Time elapsed time: 15.532268 seconds (0d 0h 0m 15s)

---------------  T H R E A D  ---------------

Current thread (0x000002b9098a8900):  JavaThread "C2 CompilerThread5" daemon [_thread_in_native, id=29324, stack(0x000000babac00000,0x000000babad00000)]


Current CompileTask:
C2:  15532 16287       4       org.jetbrains.kotlin.resolve.AnnotationChecker::checkExpression (379 bytes)

Stack: [0x000000babac00000,0x000000babad00000]
Native frames: (J=compiled Java code, j=interpreted, Vv=VM code, C=native code)
V  [jvm.dll+0x683b4a]
V  [jvm.dll+0x842654]
V  [jvm.dll+0x843dfe]
V  [jvm.dll+0x844463]
V  [jvm.dll+0x249b75]
V  [jvm.dll+0xabcac]
V  [jvm.dll+0xac27c]
V  [jvm.dll+0x368802]
V  [jvm.dll+0x332f31]
V  [jvm.dll+0x3323da]
V  [jvm.dll+0x21c201]
V  [jvm.dll+0x21b621]
V  [jvm.dll+0x1a4fdd]
V  [jvm.dll+0x22b098]
V  [jvm.dll+0x229159]
V  [jvm.dll+0x7f809c]
V  [jvm.dll+0x7f25fa]
V  [jvm.dll+0x682985]
C  [ucrtbase.dll+0x26c0c]
C  [KERNEL32.DLL+0x154e0]
C  [ntdll.dll+0x485b]


---------------  P R O C E S S  ---------------

Threads class SMR info:
_java_thread_list=0x000002b912bd83e0, length=21, elements={
0x000002b95c0ed730, 0x000002b97cdfd8c0, 0x000002b97cdfe270, 0x000002b97ce4c8f0,
0x000002b97ce4d2a0, 0x000002b97ce4fc60, 0x000002b97ce50610, 0x000002b97ce513a0,
0x000002b97ce51e40, 0x000002b97ce76d70, 0x000002b97cfc2ab0, 0x000002b97cfc93e0,
0x000002b97d00bce0, 0x000002b97d011380, 0x000002b97d0f8350, 0x000002b97de18e70,
0x000002b97e2559b0, 0x000002b909a64e50, 0x000002b909852030, 0x000002b9098a8900,
0x000002b90a899ef0
}

Java Threads: ( => current thread )
  0x000002b95c0ed730 JavaThread "main" [_thread_in_Java, id=11148, stack(0x000000bab8400000,0x000000bab8500000)]
  0x000002b97cdfd8c0 JavaThread "Reference Handler" daemon [_thread_blocked, id=23352, stack(0x000000bab8b00000,0x000000bab8c00000)]
  0x000002b97cdfe270 JavaThread "Finalizer" daemon [_thread_blocked, id=11952, stack(0x000000bab8c00000,0x000000bab8d00000)]
  0x000002b97ce4c8f0 JavaThread "Signal Dispatcher" daemon [_thread_blocked, id=22592, stack(0x000000bab8d00000,0x000000bab8e00000)]
  0x000002b97ce4d2a0 JavaThread "Attach Listener" daemon [_thread_blocked, id=13720, stack(0x000000bab8e00000,0x000000bab8f00000)]
  0x000002b97ce4fc60 JavaThread "Service Thread" daemon [_thread_blocked, id=6516, stack(0x000000bab8f00000,0x000000bab9000000)]
  0x000002b97ce50610 JavaThread "Monitor Deflation Thread" daemon [_thread_blocked, id=13276, stack(0x000000bab9000000,0x000000bab9100000)]
  0x000002b97ce513a0 JavaThread "C2 CompilerThread0" daemon [_thread_in_native, id=15388, stack(0x000000bab9100000,0x000000bab9200000)]
  0x000002b97ce51e40 JavaThread "C1 CompilerThread0" daemon [_thread_blocked, id=28940, stack(0x000000bab9200000,0x000000bab9300000)]
  0x000002b97ce76d70 JavaThread "Sweeper thread" daemon [_thread_blocked, id=11036, stack(0x000000bab9300000,0x000000bab9400000)]
  0x000002b97cfc2ab0 JavaThread "C1 CompilerThread1" daemon [_thread_blocked, id=16584, stack(0x000000bab9400000,0x000000bab9500000)]
  0x000002b97cfc93e0 JavaThread "C1 CompilerThread2" daemon [_thread_blocked, id=20724, stack(0x000000bab9500000,0x000000bab9600000)]
  0x000002b97d00bce0 JavaThread "Notification Thread" daemon [_thread_blocked, id=8024, stack(0x000000bab9600000,0x000000bab9700000)]
  0x000002b97d011380 JavaThread "Common-Cleaner" daemon [_thread_blocked, id=8824, stack(0x000000bab9800000,0x000000bab9900000)]
  0x000002b97d0f8350 JavaThread "C2 CompilerThread1" daemon [_thread_in_native, id=20932, stack(0x000000bab9900000,0x000000bab9a00000)]
  0x000002b97de18e70 JavaThread "C1 CompilerThread3" daemon [_thread_blocked, id=18004, stack(0x000000bab9a00000,0x000000bab9b00000)]
  0x000002b97e2559b0 JavaThread "C2 CompilerThread2" daemon [_thread_in_native, id=26272, stack(0x000000baba600000,0x000000baba700000)]
  0x000002b909a64e50 JavaThread "C2 CompilerThread3" daemon [_thread_in_native, id=27532, stack(0x000000babaa00000,0x000000babab00000)]
  0x000002b909852030 JavaThread "C2 CompilerThread4" daemon [_thread_in_native, id=25860, stack(0x000000babab00000,0x000000babac00000)]
=>0x000002b9098a8900 JavaThread "C2 CompilerThread5" daemon [_thread_in_native, id=29324, stack(0x000000babac00000,0x000000babad00000)]
  0x000002b90a899ef0 JavaThread "C2 CompilerThread6" daemon [_thread_in_native, id=14468, stack(0x000000babad00000,0x000000babae00000)]

Other Threads:
  0x000002b97cdf9ef0 VMThread "VM Thread" [stack: 0x000000bab8a00000,0x000000bab8b00000] [id=7076]
  0x000002b97cf0e070 WatcherThread [stack: 0x000000bab9700000,0x000000bab9800000] [id=7128]
  0x000002b95c19e0e0 GCTaskThread "GC Thread#0" [stack: 0x000000bab8500000,0x000000bab8600000] [id=28356]
  0x000002b97e0be030 GCTaskThread "GC Thread#1" [stack: 0x000000bab9b00000,0x000000bab9c00000] [id=15028]
  0x000002b97e078000 GCTaskThread "GC Thread#2" [stack: 0x000000bab9c00000,0x000000bab9d00000] [id=27908]
  0x000002b97e0782b0 GCTaskThread "GC Thread#3" [stack: 0x000000bab9d00000,0x000000bab9e00000] [id=8196]
  0x000002b97e078560 GCTaskThread "GC Thread#4" [stack: 0x000000bab9e00000,0x000000bab9f00000] [id=21700]
  0x000002b97e078810 GCTaskThread "GC Thread#5" [stack: 0x000000bab9f00000,0x000000baba000000] [id=25312]
  0x000002b97e078ac0 GCTaskThread "GC Thread#6" [stack: 0x000000baba000000,0x000000baba100000] [id=23328]
  0x000002b97e078d70 GCTaskThread "GC Thread#7" [stack: 0x000000baba100000,0x000000baba200000] [id=3868]
  0x000002b97e079020 GCTaskThread "GC Thread#8" [stack: 0x000000baba200000,0x000000baba300000] [id=3748]
  0x000002b97e123550 GCTaskThread "GC Thread#9" [stack: 0x000000baba300000,0x000000baba400000] [id=1268]
  0x000002b97e122530 GCTaskThread "GC Thread#10" [stack: 0x000000baba400000,0x000000baba500000] [id=16060]
  0x000002b97e123800 GCTaskThread "GC Thread#11" [stack: 0x000000baba500000,0x000000baba600000] [id=18324]
  0x000002b97e1232a0 GCTaskThread "GC Thread#12" [stack: 0x000000baba900000,0x000000babaa00000] [id=20264]
  0x000002b95c1aecf0 ConcurrentGCThread "G1 Main Marker" [stack: 0x000000bab8600000,0x000000bab8700000] [id=10988]
  0x000002b95c1afdb0 ConcurrentGCThread "G1 Conc#0" [stack: 0x000000bab8700000,0x000000bab8800000] [id=2176]
  0x000002b97e123ab0 ConcurrentGCThread "G1 Conc#1" [stack: 0x000000baba700000,0x000000baba800000] [id=10460]
  0x000002b97e121fd0 ConcurrentGCThread "G1 Conc#2" [stack: 0x000000baba800000,0x000000baba900000] [id=26040]
  0x000002b97c1aad70 ConcurrentGCThread "G1 Refine#0" [stack: 0x000000bab8800000,0x000000bab8900000] [id=23792]
  0x000002b90dde0f80 ConcurrentGCThread "G1 Refine#1" [stack: 0x000000babaf00000,0x000000babb000000] [id=19368]
  0x000002b90ddde460 ConcurrentGCThread "G1 Refine#2" [stack: 0x000000babb000000,0x000000babb100000] [id=3696]
  0x000002b90dde0400 ConcurrentGCThread "G1 Refine#3" [stack: 0x000000babb100000,0x000000babb200000] [id=26756]
  0x000002b90dddf5a0 ConcurrentGCThread "G1 Refine#4" [stack: 0x000000babb200000,0x000000babb300000] [id=3452]
  0x000002b90dde06e0 ConcurrentGCThread "G1 Refine#5" [stack: 0x000000babb300000,0x000000babb400000] [id=20652]
  0x000002b90dde0ca0 ConcurrentGCThread "G1 Refine#6" [stack: 0x000000babb400000,0x000000babb500000] [id=29184]
  0x000002b90d7e94c0 ConcurrentGCThread "G1 Refine#7" [stack: 0x000000babb500000,0x000000babb600000] [id=22508]
  0x000002b97c1ab690 ConcurrentGCThread "G1 Service" [stack: 0x000000bab8900000,0x000000bab8a00000] [id=744]

Threads with active compile tasks:
C2 CompilerThread0    15546 16290       4       org.jetbrains.kotlin.resolve.calls.KotlinCallResolver::resolveAndCompleteCall (75 bytes)
C2 CompilerThread1    15546 16195       4       org.jetbrains.kotlin.resolve.calls.tower.PSICallResolver::runResolutionAndInference (303 bytes)
C2 CompilerThread2    15546 16350       4       org.jetbrains.kotlin.load.java.lazy.types.JavaTypeResolver::transformJavaType (248 bytes)
C2 CompilerThread3    15546 16352       4       org.jetbrains.kotlin.resolve.jvm.checkers.JavaNullabilityChecker::checkTypeParameterBounds (361 bytes)
C2 CompilerThread4    15546 16353       4       org.jetbrains.kotlin.types.error.ErrorUtils::containsErrorType (70 bytes)
C2 CompilerThread5    15546 16287       4       org.jetbrains.kotlin.resolve.AnnotationChecker::checkExpression (379 bytes)
C2 CompilerThread6    15546 16320       4       org.jetbrains.kotlin.resolve.calls.inference.components.VariableFixationFinderKt::extractProjectionsForAllCapturedTypes (286 bytes)

VM state: not at safepoint (normal execution)

VM Mutex/Monitor currently owned by a thread: None

Heap address: 0x0000000604400000, size: 8124 MB, Compressed Oops mode: Zero based, Oop shift amount: 3

CDS archive(s) not mapped
Compressed class space mapped at: 0x0000000800000000-0x0000000840000000, reserved size: 1073741824
Narrow klass base: 0x0000000800000000, Narrow klass shift: 0, Narrow klass range: 0x40000000

GC Precious Log:
 CPUs: 16 total, 16 available
 Memory: 32489M
 Large Page Support: Disabled
 NUMA Support: Disabled
 Compressed Oops: Enabled (Zero based)
 Heap Region Size: 4M
 Heap Min Capacity: 8M
 Heap Initial Capacity: 508M
 Heap Max Capacity: 8124M
 Pre-touch: Disabled
 Parallel Workers: 13
 Concurrent Workers: 3
 Concurrent Refinement Workers: 13
 Periodic GC: Disabled

Heap:
 garbage-first heap   total 266240K, used 172966K [0x0000000604400000, 0x0000000800000000)
  region size 4096K, 20 young (81920K), 3 survivors (12288K)
 Metaspace       used 73924K, committed 74240K, reserved 1122304K
  class space    used 8320K, committed 8448K, reserved 1048576K

Heap Regions: E=young(eden), S=young(survivor), O=old, HS=humongous(starts), HC=humongous(continues), CS=collection set, F=free, OA=open archive, CA=closed archive, TAMS=top-at-mark-start (previous, next)
|   0|0x0000000604400000, 0x0000000604800000, 0x0000000604800000|100%|HS|  |TAMS 0x0000000604800000, 0x0000000604400000| Complete 
|   1|0x0000000604800000, 0x0000000604c00000, 0x0000000604c00000|100%| O|  |TAMS 0x0000000604c00000, 0x0000000604800000| Untracked 
|   2|0x0000000604c00000, 0x0000000605000000, 0x0000000605000000|100%|HS|  |TAMS 0x0000000605000000, 0x0000000604c00000| Complete 
|   3|0x0000000605000000, 0x0000000605400000, 0x0000000605400000|100%| O|  |TAMS 0x0000000605400000, 0x0000000605000000| Untracked 
|   4|0x0000000605400000, 0x0000000605800000, 0x0000000605800000|100%| O|  |TAMS 0x0000000605800000, 0x0000000605400000| Untracked 
|   5|0x0000000605800000, 0x0000000605b32000, 0x0000000605c00000| 79%| O|  |TAMS 0x0000000605b32000, 0x0000000605800000| Untracked 
|   6|0x0000000605c00000, 0x0000000606000000, 0x0000000606000000|100%| O|  |TAMS 0x0000000605c00000, 0x0000000605c00000| Untracked 
|   7|0x0000000606000000, 0x0000000606400000, 0x0000000606400000|100%| O|  |TAMS 0x0000000606400000, 0x0000000606000000| Untracked 
|   8|0x0000000606400000, 0x0000000606800000, 0x0000000606800000|100%| O|  |TAMS 0x0000000606400000, 0x0000000606400000| Untracked 
|   9|0x0000000606800000, 0x0000000606c00000, 0x0000000606c00000|100%| O|  |TAMS 0x0000000606800000, 0x0000000606800000| Untracked 
|  10|0x0000000606c00000, 0x0000000607000000, 0x0000000607000000|100%| O|  |TAMS 0x0000000606c00000, 0x0000000606c00000| Untracked 
|  11|0x0000000607000000, 0x0000000607400000, 0x0000000607400000|100%| O|  |TAMS 0x0000000607000000, 0x0000000607000000| Untracked 
|  12|0x0000000607400000, 0x0000000607800000, 0x0000000607800000|100%| O|  |TAMS 0x0000000607400000, 0x0000000607400000| Untracked 
|  13|0x0000000607800000, 0x0000000607c00000, 0x0000000607c00000|100%| O|  |TAMS 0x0000000607800000, 0x0000000607800000| Untracked 
|  14|0x0000000607c00000, 0x0000000608000000, 0x0000000608000000|100%| O|  |TAMS 0x0000000607c00000, 0x0000000607c00000| Untracked 
|  15|0x0000000608000000, 0x0000000608400000, 0x0000000608400000|100%| O|  |TAMS 0x0000000608000000, 0x0000000608000000| Untracked 
|  16|0x0000000608400000, 0x0000000608800000, 0x0000000608800000|100%| O|  |TAMS 0x0000000608400000, 0x0000000608400000| Untracked 
|  17|0x0000000608800000, 0x0000000608c00000, 0x0000000608c00000|100%| O|  |TAMS 0x0000000608800000, 0x0000000608800000| Untracked 
|  18|0x0000000608c00000, 0x0000000609000000, 0x0000000609000000|100%| O|  |TAMS 0x0000000608c00000, 0x0000000608c00000| Untracked 
|  19|0x0000000609000000, 0x0000000609400000, 0x0000000609400000|100%| O|  |TAMS 0x0000000609000000, 0x0000000609000000| Untracked 
|  20|0x0000000609400000, 0x0000000609800000, 0x0000000609800000|100%| O|  |TAMS 0x0000000609400000, 0x0000000609400000| Untracked 
|  21|0x0000000609800000, 0x0000000609c00000, 0x0000000609c00000|100%| O|  |TAMS 0x0000000609800000, 0x0000000609800000| Untracked 
|  22|0x0000000609c00000, 0x000000060a000000, 0x000000060a000000|100%| O|  |TAMS 0x0000000609c00000, 0x0000000609c00000| Untracked 
|  23|0x000000060a000000, 0x000000060a1dd400, 0x000000060a400000| 46%| O|  |TAMS 0x000000060a000000, 0x000000060a000000| Untracked 
|  24|0x000000060a400000, 0x000000060a400000, 0x000000060a800000|  0%| F|  |TAMS 0x000000060a400000, 0x000000060a400000| Untracked 
|  25|0x000000060a800000, 0x000000060a800000, 0x000000060ac00000|  0%| F|  |TAMS 0x000000060a800000, 0x000000060a800000| Untracked 
|  26|0x000000060ac00000, 0x000000060ac00000, 0x000000060b000000|  0%| F|  |TAMS 0x000000060ac00000, 0x000000060ac00000| Untracked 
|  27|0x000000060b000000, 0x000000060b000000, 0x000000060b400000|  0%| F|  |TAMS 0x000000060b000000, 0x000000060b000000| Untracked 
|  28|0x000000060b400000, 0x000000060b400000, 0x000000060b800000|  0%| F|  |TAMS 0x000000060b400000, 0x000000060b400000| Untracked 
|  29|0x000000060b800000, 0x000000060b800000, 0x000000060bc00000|  0%| F|  |TAMS 0x000000060b800000, 0x000000060b800000| Untracked 
|  30|0x000000060bc00000, 0x000000060bc00000, 0x000000060c000000|  0%| F|  |TAMS 0x000000060bc00000, 0x000000060bc00000| Untracked 
|  31|0x000000060c000000, 0x000000060c000000, 0x000000060c400000|  0%| F|  |TAMS 0x000000060c000000, 0x000000060c000000| Untracked 
|  32|0x000000060c400000, 0x000000060c400000, 0x000000060c800000|  0%| F|  |TAMS 0x000000060c400000, 0x000000060c400000| Untracked 
|  33|0x000000060c800000, 0x000000060c800000, 0x000000060cc00000|  0%| F|  |TAMS 0x000000060c800000, 0x000000060c800000| Untracked 
|  34|0x000000060cc00000, 0x000000060cc00000, 0x000000060d000000|  0%| F|  |TAMS 0x000000060cc00000, 0x000000060cc00000| Untracked 
|  35|0x000000060d000000, 0x000000060d000000, 0x000000060d400000|  0%| F|  |TAMS 0x000000060d000000, 0x000000060d000000| Untracked 
|  36|0x000000060d400000, 0x000000060d7da4a0, 0x000000060d800000| 96%| S|CS|TAMS 0x000000060d400000, 0x000000060d400000| Complete 
|  37|0x000000060d800000, 0x000000060dc00000, 0x000000060dc00000|100%| S|CS|TAMS 0x000000060d800000, 0x000000060d800000| Complete 
|  38|0x000000060dc00000, 0x000000060e000000, 0x000000060e000000|100%| S|CS|TAMS 0x000000060dc00000, 0x000000060dc00000| Complete 
|  39|0x000000060e000000, 0x000000060e000000, 0x000000060e400000|  0%| F|  |TAMS 0x000000060e000000, 0x000000060e000000| Untracked 
|  40|0x000000060e400000, 0x000000060e400000, 0x000000060e800000|  0%| F|  |TAMS 0x000000060e400000, 0x000000060e400000| Untracked 
|  41|0x000000060e800000, 0x000000060e800000, 0x000000060ec00000|  0%| F|  |TAMS 0x000000060e800000, 0x000000060e800000| Untracked 
|  42|0x000000060ec00000, 0x000000060ec00000, 0x000000060f000000|  0%| F|  |TAMS 0x000000060ec00000, 0x000000060ec00000| Untracked 
|  43|0x000000060f000000, 0x000000060f000000, 0x000000060f400000|  0%| F|  |TAMS 0x000000060f000000, 0x000000060f000000| Untracked 
|  44|0x000000060f400000, 0x000000060f400000, 0x000000060f800000|  0%| F|  |TAMS 0x000000060f400000, 0x000000060f400000| Untracked 
|  45|0x000000060f800000, 0x000000060f800000, 0x000000060fc00000|  0%| F|  |TAMS 0x000000060f800000, 0x000000060f800000| Untracked 
|  46|0x000000060fc00000, 0x000000060fc00000, 0x0000000610000000|  0%| F|  |TAMS 0x000000060fc00000, 0x000000060fc00000| Untracked 
|  47|0x0000000610000000, 0x0000000610000000, 0x0000000610400000|  0%| F|  |TAMS 0x0000000610000000, 0x0000000610000000| Untracked 
|  48|0x0000000610400000, 0x00000006105d40c8, 0x0000000610800000| 45%| E|  |TAMS 0x0000000610400000, 0x0000000610400000| Complete 
|  49|0x0000000610800000, 0x0000000610c00000, 0x0000000610c00000|100%| E|CS|TAMS 0x0000000610800000, 0x0000000610800000| Complete 
|  50|0x0000000610c00000, 0x0000000611000000, 0x0000000611000000|100%| E|CS|TAMS 0x0000000610c00000, 0x0000000610c00000| Complete 
|  51|0x0000000611000000, 0x0000000611400000, 0x0000000611400000|100%| E|CS|TAMS 0x0000000611000000, 0x0000000611000000| Complete 
|  52|0x0000000611400000, 0x0000000611800000, 0x0000000611800000|100%| E|CS|TAMS 0x0000000611400000, 0x0000000611400000| Complete 
|  53|0x0000000611800000, 0x0000000611c00000, 0x0000000611c00000|100%| E|CS|TAMS 0x0000000611800000, 0x0000000611800000| Complete 
|  54|0x0000000611c00000, 0x0000000612000000, 0x0000000612000000|100%| E|CS|TAMS 0x0000000611c00000, 0x0000000611c00000| Complete 
|  55|0x0000000612000000, 0x0000000612400000, 0x0000000612400000|100%| E|CS|TAMS 0x0000000612000000, 0x0000000612000000| Complete 
|  56|0x0000000612400000, 0x0000000612800000, 0x0000000612800000|100%| E|CS|TAMS 0x0000000612400000, 0x0000000612400000| Complete 
|  57|0x0000000612800000, 0x0000000612c00000, 0x0000000612c00000|100%| E|CS|TAMS 0x0000000612800000, 0x0000000612800000| Complete 
|  58|0x0000000612c00000, 0x0000000613000000, 0x0000000613000000|100%| E|CS|TAMS 0x0000000612c00000, 0x0000000612c00000| Complete 
|  59|0x0000000613000000, 0x0000000613400000, 0x0000000613400000|100%| E|CS|TAMS 0x0000000613000000, 0x0000000613000000| Complete 
|  60|0x0000000613400000, 0x0000000613800000, 0x0000000613800000|100%| E|CS|TAMS 0x0000000613400000, 0x0000000613400000| Complete 
|  61|0x0000000613800000, 0x0000000613c00000, 0x0000000613c00000|100%| E|CS|TAMS 0x0000000613800000, 0x0000000613800000| Complete 
|  62|0x0000000613c00000, 0x0000000614000000, 0x0000000614000000|100%| E|CS|TAMS 0x0000000613c00000, 0x0000000613c00000| Complete 
|  63|0x0000000614000000, 0x0000000614400000, 0x0000000614400000|100%| E|CS|TAMS 0x0000000614000000, 0x0000000614000000| Complete 
| 126|0x0000000623c00000, 0x0000000624000000, 0x0000000624000000|100%| E|CS|TAMS 0x0000000623c00000, 0x0000000623c00000| Complete 

Card table byte_map: [0x000002b96fe20000,0x000002b970e00000] _byte_map_base: 0x000002b96cdfe000

Marking Bits (Prev, Next): (CMBitMap*) 0x000002b95c19e630, (CMBitMap*) 0x000002b95c19e5f0
 Prev Bits: [0x000002b900000000, 0x000002b907ef0000)
 Next Bits: [0x000002b971de0000, 0x000002b979cd0000)

Polling page: 0x000002b95a0b0000

Metaspace:

Usage:
  Non-class:     64.07 MB used.
      Class:      8.13 MB used.
       Both:     72.19 MB used.

Virtual space:
  Non-class space:       72.00 MB reserved,      64.25 MB ( 89%) committed,  9 nodes.
      Class space:        1.00 GB reserved,       8.25 MB ( <1%) committed,  1 nodes.
             Both:        1.07 GB reserved,      72.50 MB (  7%) committed. 

Chunk freelists:
   Non-Class:  2.86 MB
       Class:  3.72 MB
        Both:  6.58 MB

MaxMetaspaceSize: unlimited
CompressedClassSpaceSize: 1.00 GB
Initial GC threshold: 21.00 MB
Current GC threshold: 99.06 MB
CDS: off
MetaspaceReclaimPolicy: balanced
 - commit_granule_bytes: 65536.
 - commit_granule_words: 8192.
 - virtual_space_node_default_size: 1048576.
 - enlarge_chunks_in_place: 1.
 - new_chunks_are_fully_committed: 0.
 - uncommit_free_chunks: 1.
 - use_allocation_guard: 0.
 - handle_deallocations: 1.


Internal statistics:

num_allocs_failed_limit: 9.
num_arena_births: 362.
num_arena_deaths: 0.
num_vsnodes_births: 10.
num_vsnodes_deaths: 0.
num_space_committed: 1158.
num_space_uncommitted: 0.
num_chunks_returned_to_freelist: 9.
num_chunks_taken_from_freelist: 2830.
num_chunk_merges: 9.
num_chunk_splits: 2161.
num_chunks_enlarged: 1822.
num_purges: 0.
num_inconsistent_stats: 0.

CodeHeap 'non-profiled nmethods': size=119168Kb used=12037Kb max_used=12364Kb free=107130Kb
 bounds [0x000002b967160000, 0x000002b967d80000, 0x000002b96e5c0000]
CodeHeap 'profiled nmethods': size=119104Kb used=35792Kb max_used=36808Kb free=83311Kb
 bounds [0x000002b95f5c0000, 0x000002b9619c0000, 0x000002b966a10000]
CodeHeap 'non-nmethods': size=7488Kb used=3022Kb max_used=3150Kb free=4465Kb
 bounds [0x000002b966a10000, 0x000002b966d30000, 0x000002b967160000]
 total_blobs=13736 nmethods=13105 adapters=537
 compilation: enabled
              stopped_count=0, restarted_count=0
 full_count=0

Compilation events (20 events):
Event: 15.492 Thread 0x000002b97e2559b0 16339       4       java.util.AbstractCollection::toArray (144 bytes)
Event: 15.493 Thread 0x000002b909a64e50 16346       4       kotlin.collections.CollectionsKt___CollectionsKt::singleOrNull (79 bytes)
Event: 15.500 Thread 0x000002b97ce51e40 16347       3       org.jetbrains.kotlin.psi.KtPostfixExpression::getBaseExpression (13 bytes)
Event: 15.500 Thread 0x000002b97cfc2ab0 16348       3       org.jetbrains.kotlin.com.intellij.psi.util.PsiTreeUtil::getPrevSiblingOfType (55 bytes)
Event: 15.503 Thread 0x000002b97ce51e40 nmethod 16347 0x000002b960ba3990 code [0x000002b960ba3ba0, 0x000002b960ba4488]
Event: 15.503 Thread 0x000002b97cfc2ab0 nmethod 16348 0x000002b960ba2d10 code [0x000002b960ba2f40, 0x000002b960ba3728]
Event: 15.507 Thread 0x000002b909a64e50 nmethod 16346 0x000002b96737fb10 code [0x000002b96737fcc0, 0x000002b96737ff68]
Event: 15.507 Thread 0x000002b909a64e50 16340       4       org.jetbrains.kotlin.psi.KtElementImplStub::acceptChildren (48 bytes)
Event: 15.512 Thread 0x000002b97e2559b0 nmethod 16339 0x000002b96737f090 code [0x000002b96737f240, 0x000002b96737f638]
Event: 15.512 Thread 0x000002b97e2559b0 16324       4       org.jetbrains.kotlin.resolve.calls.tower.SyntheticScopeBasedTowerLevel::getObjects (13 bytes)
Event: 15.512 Thread 0x000002b909a64e50 nmethod 16340 0x000002b967b10490 code [0x000002b967b10640, 0x000002b967b10878]
Event: 15.512 Thread 0x000002b909a64e50 16349       4       org.jetbrains.kotlin.descriptors.impl.DeclarationDescriptorImpl::getOriginal (10 bytes)
Event: 15.513 Thread 0x000002b909a64e50 nmethod 16349 0x000002b9676a3790 code [0x000002b9676a3900, 0x000002b9676a3978]
Event: 15.513 Thread 0x000002b909a64e50 16337       4       org.jetbrains.kotlin.com.intellij.util.SmartList::iterator (26 bytes)
Event: 15.513 Thread 0x000002b97e2559b0 nmethod 16324 0x000002b967b10190 code [0x000002b967b10300, 0x000002b967b10398]
Event: 15.515 Thread 0x000002b909a64e50 nmethod 16337 0x000002b967b0fe10 code [0x000002b967b0ffa0, 0x000002b967b100b8]
Event: 15.524 Thread 0x000002b97e2559b0 16350       4       org.jetbrains.kotlin.load.java.lazy.types.JavaTypeResolver::transformJavaType (248 bytes)
Event: 15.524 Thread 0x000002b97cfc2ab0 16351       3       org.jetbrains.kotlin.serialization.deserialization.descriptors.DeserializedClassDescriptor::getStaticScope (8 bytes)
Event: 15.524 Thread 0x000002b97cfc2ab0 nmethod 16351 0x000002b95fb50a10 code [0x000002b95fb50ba0, 0x000002b95fb50cb8]
Event: 15.528 Thread 0x000002b909a64e50 16352       4       org.jetbrains.kotlin.resolve.jvm.checkers.JavaNullabilityChecker::checkTypeParameterBounds (361 bytes)

GC Heap History (20 events):
Event: 2.206 GC heap before
{Heap before GC invocations=7 (full 0):
 garbage-first heap   total 69632K, used 24961K [0x0000000604400000, 0x0000000800000000)
  region size 4096K, 2 young (8192K), 1 survivors (4096K)
 Metaspace       used 35958K, committed 36160K, reserved 1081344K
  class space    used 4522K, committed 4608K, reserved 1048576K
}
Event: 2.212 GC heap after
{Heap after GC invocations=8 (full 0):
 garbage-first heap   total 69632K, used 25756K [0x0000000604400000, 0x0000000800000000)
  region size 4096K, 1 young (4096K), 1 survivors (4096K)
 Metaspace       used 35958K, committed 36160K, reserved 1081344K
  class space    used 4522K, committed 4608K, reserved 1048576K
}
Event: 2.402 GC heap before
{Heap before GC invocations=9 (full 0):
 garbage-first heap   total 69632K, used 42140K [0x0000000604400000, 0x0000000800000000)
  region size 4096K, 5 young (20480K), 1 survivors (4096K)
 Metaspace       used 38936K, committed 39232K, reserved 1089536K
  class space    used 4864K, committed 4992K, reserved 1048576K
}
Event: 2.406 GC heap after
{Heap after GC invocations=10 (full 0):
 garbage-first heap   total 69632K, used 27849K [0x0000000604400000, 0x0000000800000000)
  region size 4096K, 1 young (4096K), 1 survivors (4096K)
 Metaspace       used 38936K, committed 39232K, reserved 1089536K
  class space    used 4864K, committed 4992K, reserved 1048576K
}
Event: 2.698 GC heap before
{Heap before GC invocations=10 (full 0):
 garbage-first heap   total 69632K, used 40137K [0x0000000604400000, 0x0000000800000000)
  region size 4096K, 5 young (20480K), 1 survivors (4096K)
 Metaspace       used 42014K, committed 42304K, reserved 1089536K
  class space    used 5148K, committed 5312K, reserved 1048576K
}
Event: 2.705 GC heap after
{Heap after GC invocations=11 (full 0):
 garbage-first heap   total 294912K, used 29816K [0x0000000604400000, 0x0000000800000000)
  region size 4096K, 1 young (4096K), 1 survivors (4096K)
 Metaspace       used 42014K, committed 42304K, reserved 1089536K
  class space    used 5148K, committed 5312K, reserved 1048576K
}
Event: 5.067 GC heap before
{Heap before GC invocations=11 (full 0):
 garbage-first heap   total 294912K, used 169080K [0x0000000604400000, 0x0000000800000000)
  region size 4096K, 36 young (147456K), 1 survivors (4096K)
 Metaspace       used 60460K, committed 60736K, reserved 1105920K
  class space    used 7179K, committed 7296K, reserved 1048576K
}
Event: 5.078 GC heap after
{Heap after GC invocations=12 (full 0):
 garbage-first heap   total 294912K, used 48328K [0x0000000604400000, 0x0000000800000000)
  region size 4096K, 5 young (20480K), 5 survivors (20480K)
 Metaspace       used 60460K, committed 60736K, reserved 1105920K
  class space    used 7179K, committed 7296K, reserved 1048576K
}
Event: 6.188 GC heap before
{Heap before GC invocations=13 (full 0):
 garbage-first heap   total 180224K, used 134344K [0x0000000604400000, 0x0000000800000000)
  region size 4096K, 26 young (106496K), 5 survivors (20480K)
 Metaspace       used 62942K, committed 63232K, reserved 1105920K
  class space    used 7341K, committed 7488K, reserved 1048576K
}
Event: 6.213 GC heap after
{Heap after GC invocations=14 (full 0):
 garbage-first heap   total 180224K, used 65498K [0x0000000604400000, 0x0000000800000000)
  region size 4096K, 4 young (16384K), 4 survivors (16384K)
 Metaspace       used 62942K, committed 63232K, reserved 1105920K
  class space    used 7341K, committed 7488K, reserved 1048576K
}
Event: 6.663 GC heap before
{Heap before GC invocations=14 (full 0):
 garbage-first heap   total 180224K, used 122842K [0x0000000604400000, 0x0000000800000000)
  region size 4096K, 18 young (73728K), 4 survivors (16384K)
 Metaspace       used 63276K, committed 63552K, reserved 1105920K
  class space    used 7365K, committed 7488K, reserved 1048576K
}
Event: 6.690 GC heap after
{Heap after GC invocations=15 (full 0):
 garbage-first heap   total 180224K, used 76606K [0x0000000604400000, 0x0000000800000000)
  region size 4096K, 3 young (12288K), 3 survivors (12288K)
 Metaspace       used 63276K, committed 63552K, reserved 1105920K
  class space    used 7365K, committed 7488K, reserved 1048576K
}
Event: 6.798 GC heap before
{Heap before GC invocations=15 (full 0):
 garbage-first heap   total 180224K, used 125758K [0x0000000604400000, 0x0000000800000000)
  region size 4096K, 15 young (61440K), 3 survivors (12288K)
 Metaspace       used 63290K, committed 63552K, reserved 1105920K
  class space    used 7365K, committed 7488K, reserved 1048576K
}
Event: 6.808 GC heap after
{Heap after GC invocations=16 (full 0):
 garbage-first heap   total 180224K, used 77875K [0x0000000604400000, 0x0000000800000000)
  region size 4096K, 1 young (4096K), 1 survivors (4096K)
 Metaspace       used 63290K, committed 63552K, reserved 1105920K
  class space    used 7365K, committed 7488K, reserved 1048576K
}
Event: 7.663 GC heap before
{Heap before GC invocations=16 (full 0):
 garbage-first heap   total 180224K, used 135219K [0x0000000604400000, 0x0000000800000000)
  region size 4096K, 15 young (61440K), 1 survivors (4096K)
 Metaspace       used 68246K, committed 68544K, reserved 1114112K
  class space    used 7951K, committed 8064K, reserved 1048576K
}
Event: 7.669 GC heap after
{Heap after GC invocations=17 (full 0):
 garbage-first heap   total 266240K, used 79815K [0x0000000604400000, 0x0000000800000000)
  region size 4096K, 1 young (4096K), 1 survivors (4096K)
 Metaspace       used 68246K, committed 68544K, reserved 1114112K
  class space    used 7951K, committed 8064K, reserved 1048576K
}
Event: 11.396 GC heap before
{Heap before GC invocations=17 (full 0):
 garbage-first heap   total 266240K, used 198599K [0x0000000604400000, 0x0000000800000000)
  region size 4096K, 30 young (122880K), 1 survivors (4096K)
 Metaspace       used 72578K, committed 72960K, reserved 1114112K
  class space    used 8292K, committed 8448K, reserved 1048576K
}
Event: 11.410 GC heap after
{Heap after GC invocations=18 (full 0):
 garbage-first heap   total 266240K, used 95172K [0x0000000604400000, 0x0000000800000000)
  region size 4096K, 4 young (16384K), 4 survivors (16384K)
 Metaspace       used 72578K, committed 72960K, reserved 1114112K
  class space    used 8292K, committed 8448K, reserved 1048576K
}
Event: 13.899 GC heap before
{Heap before GC invocations=18 (full 0):
 garbage-first heap   total 266240K, used 201668K [0x0000000604400000, 0x0000000800000000)
  region size 4096K, 30 young (122880K), 4 survivors (16384K)
 Metaspace       used 73490K, committed 73792K, reserved 1122304K
  class space    used 8317K, committed 8448K, reserved 1048576K
}
Event: 13.919 GC heap after
{Heap after GC invocations=19 (full 0):
 garbage-first heap   total 266240K, used 107430K [0x0000000604400000, 0x0000000800000000)
  region size 4096K, 3 young (12288K), 3 survivors (12288K)
 Metaspace       used 73490K, committed 73792K, reserved 1122304K
  class space    used 8317K, committed 8448K, reserved 1048576K
}

Dll operation events (2 events):
Event: 0.005 Loaded shared library C:\Program Files\Android\Android Studio\jbr\bin\java.dll
Event: 0.950 Loaded shared library C:\Program Files\Android\Android Studio\jbr\bin\verify.dll

Deoptimization events (20 events):
Event: 15.435 Thread 0x000002b95c0ed730 Uncommon trap: trap_request=0xffffffc6 fr.pc=0x000002b96784838c relative=0x00000000000001cc
Event: 15.435 Thread 0x000002b95c0ed730 Uncommon trap: reason=bimorphic_or_optimized_type_check action=maybe_recompile pc=0x000002b96784838c method=kotlin.collections.CollectionsKt___CollectionsKt.singleOrNull(Ljava/lang/Iterable;)Ljava/lang/Object; @ 17 c2
Event: 15.435 Thread 0x000002b95c0ed730 DEOPT PACKING pc=0x000002b96784838c sp=0x000000bab84f4f30
Event: 15.435 Thread 0x000002b95c0ed730 DEOPT UNPACKING pc=0x000002b966a6a1a3 sp=0x000000bab84f4eb8 mode 2
Event: 15.521 Thread 0x000002b95c0ed730 Uncommon trap: trap_request=0xffffffd6 fr.pc=0x000002b96737f59c relative=0x000000000000035c
Event: 15.521 Thread 0x000002b95c0ed730 Uncommon trap: reason=array_check action=maybe_recompile pc=0x000002b96737f59c method=java.util.AbstractCollection.toArray([Ljava/lang/Object;)[Ljava/lang/Object; @ 116 c2
Event: 15.521 Thread 0x000002b95c0ed730 DEOPT PACKING pc=0x000002b96737f59c sp=0x000000bab84f69d0
Event: 15.521 Thread 0x000002b95c0ed730 DEOPT UNPACKING pc=0x000002b966a6a1a3 sp=0x000000bab84f6970 mode 2
Event: 15.521 Thread 0x000002b95c0ed730 Uncommon trap: trap_request=0xffffffd6 fr.pc=0x000002b96737f59c relative=0x000000000000035c
Event: 15.521 Thread 0x000002b95c0ed730 Uncommon trap: reason=array_check action=maybe_recompile pc=0x000002b96737f59c method=java.util.AbstractCollection.toArray([Ljava/lang/Object;)[Ljava/lang/Object; @ 116 c2
Event: 15.521 Thread 0x000002b95c0ed730 DEOPT PACKING pc=0x000002b96737f59c sp=0x000000bab84f69d0
Event: 15.521 Thread 0x000002b95c0ed730 DEOPT UNPACKING pc=0x000002b966a6a1a3 sp=0x000000bab84f6970 mode 2
Event: 15.521 Thread 0x000002b95c0ed730 Uncommon trap: trap_request=0xffffffd6 fr.pc=0x000002b96737f59c relative=0x000000000000035c
Event: 15.521 Thread 0x000002b95c0ed730 Uncommon trap: reason=array_check action=maybe_recompile pc=0x000002b96737f59c method=java.util.AbstractCollection.toArray([Ljava/lang/Object;)[Ljava/lang/Object; @ 116 c2
Event: 15.521 Thread 0x000002b95c0ed730 DEOPT PACKING pc=0x000002b96737f59c sp=0x000000bab84f68c0
Event: 15.521 Thread 0x000002b95c0ed730 DEOPT UNPACKING pc=0x000002b966a6a1a3 sp=0x000000bab84f6860 mode 2
Event: 15.521 Thread 0x000002b95c0ed730 Uncommon trap: trap_request=0xffffffd6 fr.pc=0x000002b96737f59c relative=0x000000000000035c
Event: 15.521 Thread 0x000002b95c0ed730 Uncommon trap: reason=array_check action=maybe_recompile pc=0x000002b96737f59c method=java.util.AbstractCollection.toArray([Ljava/lang/Object;)[Ljava/lang/Object; @ 116 c2
Event: 15.521 Thread 0x000002b95c0ed730 DEOPT PACKING pc=0x000002b96737f59c sp=0x000000bab84f68c0
Event: 15.521 Thread 0x000002b95c0ed730 DEOPT UNPACKING pc=0x000002b966a6a1a3 sp=0x000000bab84f6860 mode 2

Classes unloaded (0 events):
No events

Classes redefined (0 events):
No events

Internal exceptions (20 events):
Event: 5.630 Thread 0x000002b95c0ed730 Exception <a 'java/lang/NoSuchMethodError'{0x000000060c3d1fe0}: 'java.lang.Object java.lang.invoke.DirectMethodHandle$Holder.invokeStaticInit(java.lang.Object, java.lang.Object, java.lang.Object)'> (0x000000060c3d1fe0) 
thrown [s\src\hotspot\share\interpreter\linkResolver.cpp, line 771]
Event: 6.107 Thread 0x000002b95c0ed730 Exception <a 'java/lang/NoSuchMethodError'{0x00000006092da5d8}: 'int java.lang.invoke.DirectMethodHandle$Holder.invokeInterface(java.lang.Object, java.lang.Object)'> (0x00000006092da5d8) 
thrown [s\src\hotspot\share\interpreter\linkResolver.cpp, line 771]
Event: 6.157 Thread 0x000002b95c0ed730 Exception <a 'java/lang/NoSuchMethodError'{0x0000000608da8820}: 'java.lang.Object java.lang.invoke.DirectMethodHandle$Holder.newInvokeSpecial(java.lang.Object, int, java.lang.Object)'> (0x0000000608da8820) 
thrown [s\src\hotspot\share\interpreter\linkResolver.cpp, line 771]
Event: 7.002 Thread 0x000002b95c0ed730 Exception <a 'java/lang/NoSuchMethodError'{0x000000060d099018}: 'int java.lang.invoke.DirectMethodHandle$Holder.invokeVirtual(java.lang.Object, java.lang.Object, java.lang.Object)'> (0x000000060d099018) 
thrown [s\src\hotspot\share\interpreter\linkResolver.cpp, line 771]
Event: 7.030 Thread 0x000002b95c0ed730 Exception <a 'java/lang/NoSuchMethodError'{0x000000060d15b260}: 'void java.lang.invoke.DirectMethodHandle$Holder.invokeSpecial(java.lang.Object, java.lang.Object, int, java.lang.Object)'> (0x000000060d15b260) 
thrown [s\src\hotspot\share\interpreter\linkResolver.cpp, line 771]
Event: 7.118 Thread 0x000002b95c0ed730 Exception <a 'java/lang/IncompatibleClassChangeError'{0x000000060d3e18e8}: Found class java.lang.Object, but interface was expected> (0x000000060d3e18e8) 
thrown [s\src\hotspot\share\interpreter\linkResolver.cpp, line 838]
Event: 7.361 Thread 0x000002b95c0ed730 Exception <a 'java/lang/NoSuchMethodError'{0x000000060cb9e118}: 'java.lang.Object java.lang.invoke.DirectMethodHandle$Holder.newInvokeSpecial(java.lang.Object, java.lang.Object, java.lang.Object, java.lang.Object, java.lang.Object, java.lang.Object, java.lang.Object)'> (0x000000060cb9e118) 
thrown [s\src\hotspot\share\interpreter\linkResolver.cpp, line 771]
Event: 7.362 Thread 0x000002b95c0ed730 Exception <a 'java/lang/NoSuchMethodError'{0x000000060cba2b40}: 'java.lang.Object java.lang.invoke.Invokers$Holder.linkToTargetMethod(java.lang.Object, java.lang.Object, java.lang.Object, java.lang.Object, java.lang.Object, java.lang.Object, java.lang.Object)'> (0x000000060cba2b40) 
thrown [s\src\hotspot\share\interpreter\linkResolver.cpp, line 771]
Event: 7.403 Thread 0x000002b95c0ed730 Exception <a 'java/lang/NoSuchMethodError'{0x000000060c4da7e8}: 'java.lang.Object java.lang.invoke.DirectMethodHandle$Holder.invokeInterface(java.lang.Object, java.lang.Object, java.lang.Object)'> (0x000000060c4da7e8) 
thrown [s\src\hotspot\share\interpreter\linkResolver.cpp, line 771]
Event: 7.403 Thread 0x000002b95c0ed730 Exception <a 'java/lang/IncompatibleClassChangeError'{0x000000060c4de400}: Found class java.lang.Object, but interface was expected> (0x000000060c4de400) 
thrown [s\src\hotspot\share\interpreter\linkResolver.cpp, line 838]
Event: 7.487 Thread 0x000002b95c0ed730 Implicit null exception at 0x000002b96725d404 to 0x000002b96725dd60
Event: 7.488 Thread 0x000002b95c0ed730 Implicit null exception at 0x000002b96717c872 to 0x000002b96717cec4
Event: 7.504 Thread 0x000002b95c0ed730 Implicit null exception at 0x000002b96717d572 to 0x000002b96717dbe0
Event: 8.060 Thread 0x000002b95c0ed730 Implicit null exception at 0x000002b9671c8b58 to 0x000002b9671c8bee
Event: 8.330 Thread 0x000002b95c0ed730 Implicit null exception at 0x000002b96774aa91 to 0x000002b96774c2b4
Event: 9.565 Thread 0x000002b95c0ed730 Exception <a 'java/lang/NoSuchMethodError'{0x0000000610a26b28}: 'void java.lang.invoke.DirectMethodHandle$Holder.invokeStatic(java.lang.Object, java.lang.Object, java.lang.Object)'> (0x0000000610a26b28) 
thrown [s\src\hotspot\share\interpreter\linkResolver.cpp, line 771]
Event: 11.394 Thread 0x000002b95c0ed730 Implicit null exception at 0x000002b9679663ef to 0x000002b9679665a8
Event: 12.321 Thread 0x000002b95c0ed730 Implicit null exception at 0x000002b9677fe889 to 0x000002b9678031e0
Event: 12.325 Thread 0x000002b95c0ed730 Implicit null exception at 0x000002b9677f6f89 to 0x000002b9677fb8e0
Event: 14.104 Thread 0x000002b95c0ed730 Implicit null exception at 0x000002b967948a69 to 0x000002b9679509e4

VM Operations (20 events):
Event: 14.093 Executing VM operation: HandshakeAllThreads
Event: 14.093 Executing VM operation: HandshakeAllThreads done
Event: 14.135 Executing VM operation: ICBufferFull
Event: 14.135 Executing VM operation: ICBufferFull done
Event: 14.326 Executing VM operation: ICBufferFull
Event: 14.327 Executing VM operation: ICBufferFull done
Event: 14.585 Executing VM operation: HandshakeAllThreads
Event: 14.585 Executing VM operation: HandshakeAllThreads done
Event: 14.613 Executing VM operation: ICBufferFull
Event: 14.613 Executing VM operation: ICBufferFull done
Event: 14.723 Executing VM operation: ICBufferFull
Event: 14.723 Executing VM operation: ICBufferFull done
Event: 15.040 Executing VM operation: ICBufferFull
Event: 15.040 Executing VM operation: ICBufferFull done
Event: 15.345 Executing VM operation: ICBufferFull
Event: 15.345 Executing VM operation: ICBufferFull done
Event: 15.405 Executing VM operation: HandshakeAllThreads
Event: 15.405 Executing VM operation: HandshakeAllThreads done
Event: 15.480 Executing VM operation: HandshakeAllThreads
Event: 15.480 Executing VM operation: HandshakeAllThreads done

Events (20 events):
Event: 15.527 Thread 0x000002b97ce76d70 flushing nmethod 0x000002b960e6be90
Event: 15.527 Thread 0x000002b97ce76d70 flushing nmethod 0x000002b960e81010
Event: 15.527 Thread 0x000002b97ce76d70 flushing nmethod 0x000002b960e88790
Event: 15.528 Thread 0x000002b97ce76d70 flushing nmethod 0x000002b960eb6890
Event: 15.528 Thread 0x000002b97ce76d70 flushing nmethod 0x000002b960ebda90
Event: 15.528 Thread 0x000002b97ce76d70 flushing nmethod 0x000002b960ebde90
Event: 15.528 Thread 0x000002b97ce76d70 flushing nmethod 0x000002b960ebf110
Event: 15.528 Thread 0x000002b97ce76d70 flushing nmethod 0x000002b960ed9990
Event: 15.528 Thread 0x000002b97ce76d70 flushing nmethod 0x000002b960edeb90
Event: 15.528 Thread 0x000002b97ce76d70 flushing nmethod 0x000002b960ee5010
Event: 15.528 Thread 0x000002b97ce76d70 flushing nmethod 0x000002b960ef7b10
Event: 15.528 Thread 0x000002b97ce76d70 flushing nmethod 0x000002b960ef9010
Event: 15.528 Thread 0x000002b97ce76d70 flushing nmethod 0x000002b960f79710
Event: 15.528 Thread 0x000002b97ce76d70 flushing nmethod 0x000002b960f9c290
Event: 15.528 Thread 0x000002b97ce76d70 flushing nmethod 0x000002b960fb5610
Event: 15.529 Thread 0x000002b97ce76d70 flushing nmethod 0x000002b96105a910
Event: 15.529 Thread 0x000002b97ce76d70 flushing nmethod 0x000002b961074890
Event: 15.529 Thread 0x000002b97ce76d70 flushing nmethod 0x000002b961092a10
Event: 15.529 Thread 0x000002b97ce76d70 flushing nmethod 0x000002b9610f6e90
Event: 15.529 Thread 0x000002b97ce76d70 flushing nmethod 0x000002b961139590


Dynamic libraries:
0x00007ff6ca0c0000 - 0x00007ff6ca0ca000 	C:\Program Files\Android\Android Studio\jbr\bin\java.exe
0x00007fff46e20000 - 0x00007fff47027000 	C:\WINDOWS\SYSTEM32\ntdll.dll
0x00007fff46340000 - 0x00007fff463fd000 	C:\WINDOWS\System32\KERNEL32.DLL
0x00007fff447d0000 - 0x00007fff44b44000 	C:\WINDOWS\System32\KERNELBASE.dll
0x00007fff44380000 - 0x00007fff44491000 	C:\WINDOWS\System32\ucrtbase.dll
0x00007fff3a450000 - 0x00007fff3a467000 	C:\Program Files\Android\Android Studio\jbr\bin\jli.dll
0x00007fff41770000 - 0x00007fff4178b000 	C:\Program Files\Android\Android Studio\jbr\bin\VCRUNTIME140.dll
0x00007fff45fb0000 - 0x00007fff4615c000 	C:\WINDOWS\System32\USER32.dll
0x00007fff347b0000 - 0x00007fff34a55000 	C:\WINDOWS\WinSxS\amd64_microsoft.windows.common-controls_6595b64144ccf1df_6.0.22000.120_none_9d947278b86cc467\COMCTL32.dll
0x00007fff44730000 - 0x00007fff44756000 	C:\WINDOWS\System32\win32u.dll
0x00007fff46400000 - 0x00007fff464a3000 	C:\WINDOWS\System32\msvcrt.dll
0x00007fff46830000 - 0x00007fff46859000 	C:\WINDOWS\System32\GDI32.dll
0x00007fff44610000 - 0x00007fff44722000 	C:\WINDOWS\System32\gdi32full.dll
0x00007fff44b50000 - 0x00007fff44bed000 	C:\WINDOWS\System32\msvcp_win.dll
0x00007fff46790000 - 0x00007fff467c1000 	C:\WINDOWS\System32\IMM32.DLL
0x00007fff3a440000 - 0x00007fff3a44c000 	C:\Program Files\Android\Android Studio\jbr\bin\vcruntime140_1.dll
0x00007fff1f210000 - 0x00007fff1f29d000 	C:\Program Files\Android\Android Studio\jbr\bin\msvcp140.dll
0x00007ffeb67e0000 - 0x00007ffeb744d000 	C:\Program Files\Android\Android Studio\jbr\bin\server\jvm.dll
0x00007fff45de0000 - 0x00007fff45e8c000 	C:\WINDOWS\System32\ADVAPI32.dll
0x00007fff46510000 - 0x00007fff465ad000 	C:\WINDOWS\System32\sechost.dll
0x00007fff46160000 - 0x00007fff46281000 	C:\WINDOWS\System32\RPCRT4.dll
0x00007fff3e170000 - 0x00007fff3e1a3000 	C:\WINDOWS\SYSTEM32\WINMM.dll
0x00007fff3e140000 - 0x00007fff3e14a000 	C:\WINDOWS\SYSTEM32\VERSION.dll
0x00007fff31910000 - 0x00007fff31919000 	C:\WINDOWS\SYSTEM32\WSOCK32.dll
0x00007fff46cf0000 - 0x00007fff46d5f000 	C:\WINDOWS\System32\WS2_32.dll
0x00007fff43430000 - 0x00007fff43448000 	C:\WINDOWS\SYSTEM32\kernel.appcore.dll
0x00007fff418a0000 - 0x00007fff418aa000 	C:\Program Files\Android\Android Studio\jbr\bin\jimage.dll
0x00007fff31920000 - 0x00007fff31b41000 	C:\WINDOWS\SYSTEM32\DBGHELP.DLL
0x00007fff316e0000 - 0x00007fff31711000 	C:\WINDOWS\SYSTEM32\dbgcore.DLL
0x00007fff44300000 - 0x00007fff44380000 	C:\WINDOWS\System32\bcryptPrimitives.dll
0x00007fff404e0000 - 0x00007fff40505000 	C:\Program Files\Android\Android Studio\jbr\bin\java.dll
0x00007fff40db0000 - 0x00007fff40dc8000 	C:\Program Files\Android\Android Studio\jbr\bin\zip.dll
0x00007fff44cb0000 - 0x00007fff45459000 	C:\WINDOWS\System32\SHELL32.dll
0x00007fff424b0000 - 0x00007fff42d12000 	C:\WINDOWS\SYSTEM32\windows.storage.dll
0x00007fff45580000 - 0x00007fff458f8000 	C:\WINDOWS\System32\combase.dll
0x00007fff42340000 - 0x00007fff424a6000 	C:\WINDOWS\SYSTEM32\wintypes.dll
0x00007fff45920000 - 0x00007fff45a0a000 	C:\WINDOWS\System32\SHCORE.dll
0x00007fff464b0000 - 0x00007fff4650d000 	C:\WINDOWS\System32\shlwapi.dll
0x00007fff44230000 - 0x00007fff44251000 	C:\WINDOWS\SYSTEM32\profapi.dll
0x00007fff3f000000 - 0x00007fff3f019000 	C:\Program Files\Android\Android Studio\jbr\bin\net.dll
0x00007fff3f400000 - 0x00007fff3f50c000 	C:\WINDOWS\SYSTEM32\WINHTTP.dll
0x00007fff43840000 - 0x00007fff438a7000 	C:\WINDOWS\system32\mswsock.dll
0x00007fff3a9a0000 - 0x00007fff3a9b6000 	C:\Program Files\Android\Android Studio\jbr\bin\nio.dll
0x00007fff37140000 - 0x00007fff37150000 	C:\Program Files\Android\Android Studio\jbr\bin\verify.dll

dbghelp: loaded successfully - version: 4.0.5 - missing functions: none
symbol engine: initialized successfully - sym options: 0x614 - pdb path: .;C:\Program Files\Android\Android Studio\jbr\bin;C:\WINDOWS\SYSTEM32;C:\WINDOWS\WinSxS\amd64_microsoft.windows.common-controls_6595b64144ccf1df_6.0.22000.120_none_9d947278b86cc467;C:\Program Files\Android\Android Studio\jbr\bin\server

VM Arguments:
java_command: org.jetbrains.kotlin.cli.jvm.K2JVMCompiler @F:\ConsulmedicsPatientData\app\build\20230717_17653523304868248383.compiler.options
java_class_path (initial): C:\Users\Chance\.gradle\caches\modules-2\files-2.1\org.jetbrains.kotlin\kotlin-compiler-embeddable\1.7.21\a36688d6a38ea94ac3fce84e198ea2cb6c6a8e88\kotlin-compiler-embeddable-1.7.21.jar;C:\Users\Chance\.gradle\caches\modules-2\files-2.1\org.jetbrains.kotlin\kotlin-reflect\1.7.21\ad6d09bc4db0eab1069112eea8ebea0be7be44f\kotlin-reflect-1.7.21.jar;C:\Users\Chance\.gradle\caches\modules-2\files-2.1\org.jetbrains.kotlin\kotlin-stdlib\1.7.21\1a2eaf898a0dda83037034b10a42053cf8a7caf8\kotlin-stdlib-1.7.21.jar;C:\Users\Chance\.gradle\caches\modules-2\files-2.1\org.jetbrains.kotlin\kotlin-script-runtime\1.7.21\b06d5c58297dccce2a0f69b0636804b0a73b3b9\kotlin-script-runtime-1.7.21.jar;C:\Users\Chance\.gradle\caches\modules-2\files-2.1\org.jetbrains.kotlin\kotlin-daemon-embeddable\1.7.21\b94818f660cc50f5d39f04b6396ac38e4d3a9eb7\kotlin-daemon-embeddable-1.7.21.jar;C:\Users\Chance\.gradle\caches\modules-2\files-2.1\org.jetbrains.intellij.deps\trove4j\1.0.20200330\3afb14d5f9ceb459d724e907a21145e8ff394f02\trove4j-1.0.20200330.jar;C:\Users\Chance\.gradle\caches\modules-2\files-2.1\net.java.dev.jna\jna\5.6.0\330f2244e9030119ab3030fc3fededc86713d9cc\jna-5.6.0.jar;C:\Users\Chance\.gradle\caches\modules-2\files-2.1\org.jetbrains.kotlin\kotlin-stdlib-common\1.7.21\cb02257de8e13e8498f8e2f69f742f2d438e794d\kotlin-stdlib-common-1.7.21.jar;C:\Users\Chance\.gradle\caches\modules-2\files-2.1\org.jetbrains\annotations\13.0\919f0dfe192fb4e063e7dacadee7f8bb9a2672a9\annotations-13.0.jar
Launcher Type: SUN_STANDARD

[Global flags]
     intx CICompilerCount                          = 12                                        {product} {ergonomic}
     uint ConcGCThreads                            = 3                                         {product} {ergonomic}
     uint G1ConcRefinementThreads                  = 13                                        {product} {ergonomic}
   size_t G1HeapRegionSize                         = 4194304                                   {product} {ergonomic}
    uintx GCDrainStackTargetSize                   = 64                                        {product} {ergonomic}
   size_t InitialHeapSize                          = 532676608                                 {product} {ergonomic}
   size_t MarkStackSize                            = 4194304                                   {product} {ergonomic}
   size_t MaxHeapSize                              = 8518631424                                {product} {ergonomic}
   size_t MaxNewSize                               = 5108662272                                {product} {ergonomic}
   size_t MinHeapDeltaBytes                        = 4194304                                   {product} {ergonomic}
   size_t MinHeapSize                              = 8388608                                   {product} {ergonomic}
    uintx NonNMethodCodeHeapSize                   = 7602480                                {pd product} {ergonomic}
    uintx NonProfiledCodeHeapSize                  = 122027880                              {pd product} {ergonomic}
    uintx ProfiledCodeHeapSize                     = 122027880                              {pd product} {ergonomic}
    uintx ReservedCodeCacheSize                    = 251658240                              {pd product} {ergonomic}
     bool SegmentedCodeCache                       = true                                      {product} {ergonomic}
   size_t SoftMaxHeapSize                          = 8518631424                             {manageable} {ergonomic}
     bool UseCompressedClassPointers               = true                           {product lp64_product} {ergonomic}
     bool UseCompressedOops                        = true                           {product lp64_product} {ergonomic}
     bool UseG1GC                                  = true                                      {product} {ergonomic}
     bool UseLargePagesIndividualAllocation        = false                                  {pd product} {ergonomic}

Logging:
Log output configuration:
 #0: stdout all=warning uptime,level,tags
 #1: stderr all=off uptime,level,tags

Environment Variables:
JAVA_HOME=C:\Program Files\Java\jdk-11
PATH=C:\Program Files (x86)\VMware\VMware Workstation\bin\;C:\Program Files\Common Files\Oracle\Java\javapath;C:\WINDOWS\system32;C:\WINDOWS;C:\WINDOWS\System32\Wbem;C:\WINDOWS\System32\WindowsPowerShell\v1.0\;C:\WINDOWS\System32\OpenSSH\;C:\Program Files\Bandizip\;C:\Users\Chance\AppData\Roaming\nvm;C:\Program Files\nodejs;C:\Program Files\Git\cmd;C:\composer;C:\Program Files (x86)\Bitvise SSH Client;C:\Program Files (x86)\Microsoft SQL Server\160\Tools\Binn\;C:\Program Files\Microsoft SQL Server\160\Tools\Binn\;C:\Program Files\Microsoft SQL Server\Client SDK\ODBC\170\Tools\Binn\;C:\Program Files\Microsoft SQL Server\160\DTS\Binn\;C:\Program Files (x86)\Microsoft SQL Server\160\DTS\Binn\;C:\Program Files\Azure Data Studio\bin;C:\Users\Chance\scoop\shims;C:\Users\Chance\AppData\Local\Microsoft\WindowsApps;C:\Users\Chance\AppData\Roaming\nvm;C:\Program Files\nodejs;C:\Program Files\Java\jdk-11\bin;F:\Android\flutter\bin;C:\Users\Chance\AppData\Local\Android\Sdk\platform-tools;C:\Users\Chance\AppData\Local\Programs\Microsoft VS Code\bin;C:\Users\Chance\scoop\apps\symfony-cli\5.5.1;F:\xampp\php;C:\Users\Chance\AppData\Roaming\Composer\vendor\bin;C:\Program Files\Azure Data Studio\bin
USERNAME=Chance
OS=Windows_NT
PROCESSOR_IDENTIFIER=Intel64 Family 6 Model 167 Stepping 1, GenuineIntel
TMP=C:\Users\Chance\AppData\Local\Temp
TEMP=C:\Users\Chance\AppData\Local\Temp



---------------  S Y S T E M  ---------------

OS:
 Windows 11 , 64 bit Build 22000 (10.0.22000.120)
OS uptime: 5 days 16:19 hours

CPU: total 16 (initial active 16) (8 cores per cpu, 2 threads per core) family 6 model 167 stepping 1 microcode 0x53, cx8, cmov, fxsr, ht, mmx, 3dnowpref, sse, sse2, sse3, ssse3, sse4.1, sse4.2, popcnt, lzcnt, tsc, tscinvbit, avx, avx2, aes, erms, clmul, bmi1, bmi2, adx, avx512f, avx512dq, avx512cd, avx512bw, avx512vl, sha, fma, vzeroupper, avx512_vpopcntdq, avx512_vpclmulqdq, avx512_vaes, avx512_vnni, clflush, clflushopt, avx512_vbmi2, avx512_vbmi

Memory: 4k page, system-wide physical 32489M (5393M free)
TotalPageFile size 69989M (AvailPageFile size 3M)
current process WorkingSet (physical memory assigned to process): 544M, peak: 575M
current process commit charge ("private bytes"): 604M, peak: 647M

vm_info: OpenJDK 64-Bit Server VM (17.0.6+0-b2043.56-9586694) for windows-amd64 JRE (17.0.6+0-b2043.56-9586694), built on Feb  9 2023 20:06:20 by "androidbuild" with MS VC++ 16.10 / 16.11 (VS2019)

END.
